Fecha: [2024-11-05 13:37:34] . El usuario ferminds se ha registrado
Fecha: [2024-11-05 13:40:55] . El usuario fermin2 se ha registrado
Fecha: [2024-11-05 13:42:20] . El usuario fermin ha subido una publicacion a su muro
Fecha: [2024-11-05 13:44:12] . El usuario fermin ha subido una publicacion a su muro
Fecha: [2024-11-05 13:44:40] . El usuario fermin ha borrado una publicacion de su muro
Fecha: [2024-11-05 13:46:49] . El usuario fermin ha subido una publicacion a su muro
Fecha: [2024-11-05 13:47:14] . El usuario fermin ha hecho un comentario en su propio muro
Fecha: [2024-11-05 13:47:19] . El usuario fermin ha hecho un comentario en el muro de pepe
Fecha: [2024-11-05 13:48:57] . El usuario fermin ha hecho un comentario en el muro de pepe
Fecha: [2024-11-05 13:49:02] . El usuario fermin ha borrado una publicacion de su muro
Fecha: [2024-11-05 13:49:04] . El usuario fermin ha subido una publicacion a su muro
Fecha: [2024-11-05 13:58:04] . El usuario fermin ha hecho un comentario en su propio muro
Fecha: [2024-11-05 13:58:06] . El usuario fermin ha borrado una publicacion de su muro
Fecha: [2024-11-05 13:58:13] . El usuario pepe ha borrado una publicacion de su muro
Fecha: [2024-11-05 14:07:34] . Se ha iniciado sesion correctamente con el usuario pepe
Fecha: [2024-11-05 14:08:43] . Se ha intentado iniciar sesion con el usuario pepedsadas, inicio de sesion incorrecto 
Fecha: [2024-11-05 14:08:53] . Se ha iniciado sesion correctamente con el usuario pepe
Fecha: [2024-11-05 14:11:22] . Se ha iniciado sesion correctamente con el usuario pepe
Fecha: [2024-11-05 14:11:56] . Se ha iniciado sesion correctamente con el usuario pepe
Fecha: [2024-11-05 14:11:57] . El usuario pepe ha cerrado la sesion
Fecha: [2024-11-05 17:41:14] . Se ha iniciado sesion correctamente con el usuario pepe
Fecha: [2024-11-05 17:41:22] . El usuario pepe ha cerrado la sesion
Fecha: [2024-11-05 17:41:23] . Se ha iniciado sesion correctamente con el usuario pepe
Fecha: [2024-11-05 17:42:50] . El usuario pepe ha cerrado la sesion
Fecha: [2024-11-05 17:42:51] . Se ha iniciado sesion correctamente con el usuario pepe
Fecha: [2024-11-05 17:42:53] . El usuario pepe ha cerrado la sesion
Fecha: [2024-11-05 17:42:56] . Se ha iniciado sesion correctamente con el usuario fermin
Fecha: [2024-11-05 17:48:38] . El usuario fermin ha subido una publicacion a su muro
Fecha: [2024-11-05 17:48:40] . El usuario fermin ha hecho un comentario en su propio muro
Fecha: [2024-11-05 17:48:41] . El usuario fermin ha borrado una publicacion de su muro
Fecha: [2024-11-05 17:48:53] . El usuario fermin ha cerrado la sesion
Fecha: [2024-11-05 17:48:54] . Se ha iniciado sesion correctamente con el usuario fermin
Fecha: [2024-11-06 08:27:16] . El usuario fermin ha subido una publicacion a su muro
Fecha: [2024-11-06 12:08:27] . El usuario  ha cerrado la sesión
Fecha: [2024-11-06 12:21:33] . Se ha iniciado sesión correctamente con el usuario fermin
Fecha: [2024-11-07 09:41:54] . El usuario pepe ha cerrado la sesión
